2022-11-01 09:13:51.877  INFO 59132 --- [restartedMain] c.e.m.EmployeeManagementApplication      : Starting EmployeeManagementApplication using Java 11.0.16 on J033DTRV with PID 59132 (C:\Users\194883\Documents\employee-main (1)\employee-main\employee-management\target\classes started by 194883 in C:\Users\194883\Documents\employee-main (1)\employee-main\employee-management)
2022-11-01 09:13:51.943  INFO 59132 --- [restartedMain] c.e.m.EmployeeManagementApplication      : No active profile set, falling back to 1 default profile: "default"
2022-11-01 09:13:52.842  INFO 59132 --- [restartedMain] .e.DevToolsPropertyDefaultsPostProcessor : Devtools property defaults active! Set 'spring.devtools.add-properties' to 'false' to disable
2022-11-01 09:13:52.883  INFO 59132 --- [restartedMain] .e.DevToolsPropertyDefaultsPostProcessor : For additional web related logging consider setting the 'logging.level.web' property to 'DEBUG'
2022-11-01 09:13:55.921  INFO 59132 --- [restartedMain] .s.d.r.c.RepositoryConfigurationDelegate : Bootstrapping Spring Data JPA repositories in DEFAULT mode.
2022-11-01 09:13:56.044  INFO 59132 --- [restartedMain] .s.d.r.c.RepositoryConfigurationDelegate : Finished Spring Data repository scanning in 114 ms. Found 4 JPA repository interfaces.
2022-11-01 09:13:58.751  INFO 59132 --- [restartedMain] o.s.b.w.embedded.tomcat.TomcatWebServer  : Tomcat initialized with port(s): 8080 (http)
2022-11-01 09:13:58.912  INFO 59132 --- [restartedMain] o.apache.catalina.core.StandardService   : Starting service [Tomcat]
2022-11-01 09:13:58.913  INFO 59132 --- [restartedMain] org.apache.catalina.core.StandardEngine  : Starting Servlet engine: [Apache Tomcat/9.0.65]
2022-11-01 09:13:59.292  INFO 59132 --- [restartedMain] o.a.c.c.C.[Tomcat].[localhost].[/]       : Initializing Spring embedded WebApplicationContext
2022-11-01 09:13:59.293  INFO 59132 --- [restartedMain] w.s.c.ServletWebServerApplicationContext : Root WebApplicationContext: initialization completed in 6409 ms
2022-11-01 09:13:59.391  WARN 59132 --- [restartedMain] JpaBaseConfiguration$JpaWebConfiguration : spring.jpa.open-in-view is enabled by default. Therefore, database queries may be performed during view rendering. Explicitly configure spring.jpa.open-in-view to disable this warning
2022-11-01 09:13:59.907  INFO 59132 --- [restartedMain] o.hibernate.jpa.internal.util.LogHelper  : HHH000204: Processing PersistenceUnitInfo [name: default]
2022-11-01 09:14:00.112  INFO 59132 --- [restartedMain] org.hibernate.Version                    : HHH000412: Hibernate ORM core version 5.6.11.Final
2022-11-01 09:14:00.930  INFO 59132 --- [restartedMain] o.hibernate.annotations.common.Version   : HCANN000001: Hibernate Commons Annotations {5.1.2.Final}
2022-11-01 09:14:01.012 DEBUG 59132 --- [restartedMain] org.hibernate.type.BasicTypeRegistry     : Adding type registration boolean -> org.hibernate.type.BooleanType@116f9c1d
2022-11-01 09:14:01.012 DEBUG 59132 --- [restartedMain] org.hibernate.type.BasicTypeRegistry     : Adding type registration boolean -> org.hibernate.type.BooleanType@116f9c1d
2022-11-01 09:14:01.012 DEBUG 59132 --- [restartedMain] org.hibernate.type.BasicTypeRegistry     : Adding type registration java.lang.Boolean -> org.hibernate.type.BooleanType@116f9c1d
2022-11-01 09:14:01.013 DEBUG 59132 --- [restartedMain] org.hibernate.type.BasicTypeRegistry     : Adding type registration numeric_boolean -> org.hibernate.type.NumericBooleanType@d298faf
2022-11-01 09:14:01.014 DEBUG 59132 --- [restartedMain] org.hibernate.type.BasicTypeRegistry     : Adding type registration true_false -> org.hibernate.type.TrueFalseType@4a4fbfe8
2022-11-01 09:14:01.015 DEBUG 59132 --- [restartedMain] org.hibernate.type.BasicTypeRegistry     : Adding type registration yes_no -> org.hibernate.type.YesNoType@6c3d1052
2022-11-01 09:14:01.017 DEBUG 59132 --- [restartedMain] org.hibernate.type.BasicTypeRegistry     : Adding type registration byte -> org.hibernate.type.ByteType@ecca48e
2022-11-01 09:14:01.018 DEBUG 59132 --- [restartedMain] org.hibernate.type.BasicTypeRegistry     : Adding type registration byte -> org.hibernate.type.ByteType@ecca48e
2022-11-01 09:14:01.018 DEBUG 59132 --- [restartedMain] org.hibernate.type.BasicTypeRegistry     : Adding type registration java.lang.Byte -> org.hibernate.type.ByteType@ecca48e
2022-11-01 09:14:01.020 DEBUG 59132 --- [restartedMain] org.hibernate.type.BasicTypeRegistry     : Adding type registration character -> org.hibernate.type.CharacterType@227bd508
2022-11-01 09:14:01.020 DEBUG 59132 --- [restartedMain] org.hibernate.type.BasicTypeRegistry     : Adding type registration char -> org.hibernate.type.CharacterType@227bd508
2022-11-01 09:14:01.020 DEBUG 59132 --- [restartedMain] org.hibernate.type.BasicTypeRegistry     : Adding type registration java.lang.Character -> org.hibernate.type.CharacterType@227bd508
2022-11-01 09:14:01.021 DEBUG 59132 --- [restartedMain] org.hibernate.type.BasicTypeRegistry     : Adding type registration short -> org.hibernate.type.ShortType@29d3cd01
2022-11-01 09:14:01.022 DEBUG 59132 --- [restartedMain] org.hibernate.type.BasicTypeRegistry     : Adding type registration short -> org.hibernate.type.ShortType@29d3cd01
2022-11-01 09:14:01.022 DEBUG 59132 --- [restartedMain] org.hibernate.type.BasicTypeRegistry     : Adding type registration java.lang.Short -> org.hibernate.type.ShortType@29d3cd01
2022-11-01 09:14:01.029 DEBUG 59132 --- [restartedMain] org.hibernate.type.BasicTypeRegistry     : Adding type registration integer -> org.hibernate.type.IntegerType@123edd28
2022-11-01 09:14:01.029 DEBUG 59132 --- [restartedMain] org.hibernate.type.BasicTypeRegistry     : Adding type registration int -> org.hibernate.type.IntegerType@123edd28
2022-11-01 09:14:01.030 DEBUG 59132 --- [restartedMain] org.hibernate.type.BasicTypeRegistry     : Adding type registration java.lang.Integer -> org.hibernate.type.IntegerType@123edd28
2022-11-01 09:14:01.041 DEBUG 59132 --- [restartedMain] org.hibernate.type.BasicTypeRegistry     : Adding type registration long -> org.hibernate.type.LongType@3e54f037
2022-11-01 09:14:01.042 DEBUG 59132 --- [restartedMain] org.hibernate.type.BasicTypeRegistry     : Adding type registration long -> org.hibernate.type.LongType@3e54f037
2022-11-01 09:14:01.042 DEBUG 59132 --- [restartedMain] org.hibernate.type.BasicTypeRegistry     : Adding type registration java.lang.Long -> org.hibernate.type.LongType@3e54f037
2022-11-01 09:14:01.046 DEBUG 59132 --- [restartedMain] org.hibernate.type.BasicTypeRegistry     : Adding type registration float -> org.hibernate.type.FloatType@1b5a18ed
2022-11-01 09:14:01.046 DEBUG 59132 --- [restartedMain] org.hibernate.type.BasicTypeRegistry     : Adding type registration float -> org.hibernate.type.FloatType@1b5a18ed
2022-11-01 09:14:01.046 DEBUG 59132 --- [restartedMain] org.hibernate.type.BasicTypeRegistry     : Adding type registration java.lang.Float -> org.hibernate.type.FloatType@1b5a18ed
2022-11-01 09:14:01.047 DEBUG 59132 --- [restartedMain] org.hibernate.type.BasicTypeRegistry     : Adding type registration double -> org.hibernate.type.DoubleType@9426cc5
2022-11-01 09:14:01.047 DEBUG 59132 --- [restartedMain] org.hibernate.type.BasicTypeRegistry     : Adding type registration double -> org.hibernate.type.DoubleType@9426cc5
2022-11-01 09:14:01.047 DEBUG 59132 --- [restartedMain] org.hibernate.type.BasicTypeRegistry     : Adding type registration java.lang.Double -> org.hibernate.type.DoubleType@9426cc5
2022-11-01 09:14:01.048 DEBUG 59132 --- [restartedMain] org.hibernate.type.BasicTypeRegistry     : Adding type registration big_decimal -> org.hibernate.type.BigDecimalType@7a4c5e12
2022-11-01 09:14:01.048 DEBUG 59132 --- [restartedMain] org.hibernate.type.BasicTypeRegistry     : Adding type registration java.math.BigDecimal -> org.hibernate.type.BigDecimalType@7a4c5e12
2022-11-01 09:14:01.049 DEBUG 59132 --- [restartedMain] org.hibernate.type.BasicTypeRegistry     : Adding type registration big_integer -> org.hibernate.type.BigIntegerType@3376cd71
2022-11-01 09:14:01.050 DEBUG 59132 --- [restartedMain] org.hibernate.type.BasicTypeRegistry     : Adding type registration java.math.BigInteger -> org.hibernate.type.BigIntegerType@3376cd71
2022-11-01 09:14:01.051 DEBUG 59132 --- [restartedMain] org.hibernate.type.BasicTypeRegistry     : Adding type registration string -> org.hibernate.type.StringType@d7f79ce
2022-11-01 09:14:01.051 DEBUG 59132 --- [restartedMain] org.hibernate.type.BasicTypeRegistry     : Adding type registration java.lang.String -> org.hibernate.type.StringType@d7f79ce
2022-11-01 09:14:01.052 DEBUG 59132 --- [restartedMain] org.hibernate.type.BasicTypeRegistry     : Adding type registration nstring -> org.hibernate.type.StringNVarcharType@208f4e17
2022-11-01 09:14:01.053 DEBUG 59132 --- [restartedMain] org.hibernate.type.BasicTypeRegistry     : Adding type registration ncharacter -> org.hibernate.type.CharacterNCharType@16c4efc5
2022-11-01 09:14:01.054 DEBUG 59132 --- [restartedMain] org.hibernate.type.BasicTypeRegistry     : Adding type registration url -> org.hibernate.type.UrlType@2154183f
2022-11-01 09:14:01.054 DEBUG 59132 --- [restartedMain] org.hibernate.type.BasicTypeRegistry     : Adding type registration java.net.URL -> org.hibernate.type.UrlType@2154183f
2022-11-01 09:14:01.055 DEBUG 59132 --- [restartedMain] org.hibernate.type.BasicTypeRegistry     : Adding type registration Duration -> org.hibernate.type.DurationType@2036492e
2022-11-01 09:14:01.055 DEBUG 59132 --- [restartedMain] org.hibernate.type.BasicTypeRegistry     : Adding type registration java.time.Duration -> org.hibernate.type.DurationType@2036492e
2022-11-01 09:14:01.056 DEBUG 59132 --- [restartedMain] org.hibernate.type.BasicTypeRegistry     : Adding type registration Instant -> org.hibernate.type.InstantType@7bcea48b
2022-11-01 09:14:01.056 DEBUG 59132 --- [restartedMain] org.hibernate.type.BasicTypeRegistry     : Adding type registration java.time.Instant -> org.hibernate.type.InstantType@7bcea48b
2022-11-01 09:14:01.058 DEBUG 59132 --- [restartedMain] org.hibernate.type.BasicTypeRegistry     : Adding type registration LocalDateTime -> org.hibernate.type.LocalDateTimeType@39f28e82
2022-11-01 09:14:01.058 DEBUG 59132 --- [restartedMain] org.hibernate.type.BasicTypeRegistry     : Adding type registration java.time.LocalDateTime -> org.hibernate.type.LocalDateTimeType@39f28e82
2022-11-01 09:14:01.059 DEBUG 59132 --- [restartedMain] org.hibernate.type.BasicTypeRegistry     : Adding type registration LocalDate -> org.hibernate.type.LocalDateType@6acd92a5
2022-11-01 09:14:01.059 DEBUG 59132 --- [restartedMain] org.hibernate.type.BasicTypeRegistry     : Adding type registration java.time.LocalDate -> org.hibernate.type.LocalDateType@6acd92a5
2022-11-01 09:14:01.060 DEBUG 59132 --- [restartedMain] org.hibernate.type.BasicTypeRegistry     : Adding type registration LocalTime -> org.hibernate.type.LocalTimeType@6706957a
2022-11-01 09:14:01.060 DEBUG 59132 --- [restartedMain] org.hibernate.type.BasicTypeRegistry     : Adding type registration java.time.LocalTime -> org.hibernate.type.LocalTimeType@6706957a
2022-11-01 09:14:01.064 DEBUG 59132 --- [restartedMain] org.hibernate.type.BasicTypeRegistry     : Adding type registration OffsetDateTime -> org.hibernate.type.OffsetDateTimeType@75cd613
2022-11-01 09:14:01.064 DEBUG 59132 --- [restartedMain] org.hibernate.type.BasicTypeRegistry     : Adding type registration java.time.OffsetDateTime -> org.hibernate.type.OffsetDateTimeType@75cd613
2022-11-01 09:14:01.065 DEBUG 59132 --- [restartedMain] org.hibernate.type.BasicTypeRegistry     : Adding type registration OffsetTime -> org.hibernate.type.OffsetTimeType@21c754bd
2022-11-01 09:14:01.066 DEBUG 59132 --- [restartedMain] org.hibernate.type.BasicTypeRegistry     : Adding type registration java.time.OffsetTime -> org.hibernate.type.OffsetTimeType@21c754bd
2022-11-01 09:14:01.067 DEBUG 59132 --- [restartedMain] org.hibernate.type.BasicTypeRegistry     : Adding type registration ZonedDateTime -> org.hibernate.type.ZonedDateTimeType@267cea8f
2022-11-01 09:14:01.068 DEBUG 59132 --- [restartedMain] org.hibernate.type.BasicTypeRegistry     : Adding type registration java.time.ZonedDateTime -> org.hibernate.type.ZonedDateTimeType@267cea8f
2022-11-01 09:14:01.070 DEBUG 59132 --- [restartedMain] org.hibernate.type.BasicTypeRegistry     : Adding type registration date -> org.hibernate.type.DateType@4b11eb98
2022-11-01 09:14:01.070 DEBUG 59132 --- [restartedMain] org.hibernate.type.BasicTypeRegistry     : Adding type registration java.sql.Date -> org.hibernate.type.DateType@4b11eb98
2022-11-01 09:14:01.071 DEBUG 59132 --- [restartedMain] org.hibernate.type.BasicTypeRegistry     : Adding type registration time -> org.hibernate.type.TimeType@d83e5fc
2022-11-01 09:14:01.072 DEBUG 59132 --- [restartedMain] org.hibernate.type.BasicTypeRegistry     : Adding type registration java.sql.Time -> org.hibernate.type.TimeType@d83e5fc
2022-11-01 09:14:01.073 DEBUG 59132 --- [restartedMain] org.hibernate.type.BasicTypeRegistry     : Adding type registration timestamp -> org.hibernate.type.TimestampType@735f11b9
2022-11-01 09:14:01.073 DEBUG 59132 --- [restartedMain] org.hibernate.type.BasicTypeRegistry     : Adding type registration java.sql.Timestamp -> org.hibernate.type.TimestampType@735f11b9
2022-11-01 09:14:01.073 DEBUG 59132 --- [restartedMain] org.hibernate.type.BasicTypeRegistry     : Adding type registration java.util.Date -> org.hibernate.type.TimestampType@735f11b9
2022-11-01 09:14:01.102 DEBUG 59132 --- [restartedMain] org.hibernate.type.BasicTypeRegistry     : Adding type registration dbtimestamp -> org.hibernate.type.DbTimestampType@52c7bb01
2022-11-01 09:14:01.104 DEBUG 59132 --- [restartedMain] org.hibernate.type.BasicTypeRegistry     : Adding type registration calendar -> org.hibernate.type.CalendarType@5f72d7ed
2022-11-01 09:14:01.104 DEBUG 59132 --- [restartedMain] org.hibernate.type.BasicTypeRegistry     : Adding type registration java.util.Calendar -> org.hibernate.type.CalendarType@5f72d7ed
2022-11-01 09:14:01.104 DEBUG 59132 --- [restartedMain] org.hibernate.type.BasicTypeRegistry     : Adding type registration java.util.GregorianCalendar -> org.hibernate.type.CalendarType@5f72d7ed
2022-11-01 09:14:01.105 DEBUG 59132 --- [restartedMain] org.hibernate.type.BasicTypeRegistry     : Adding type registration calendar_date -> org.hibernate.type.CalendarDateType@24e32946
2022-11-01 09:14:01.106 DEBUG 59132 --- [restartedMain] org.hibernate.type.BasicTypeRegistry     : Adding type registration calendar_time -> org.hibernate.type.CalendarTimeType@9310b5a
2022-11-01 09:14:01.107 DEBUG 59132 --- [restartedMain] org.hibernate.type.BasicTypeRegistry     : Adding type registration locale -> org.hibernate.type.LocaleType@3413c8de
2022-11-01 09:14:01.107 DEBUG 59132 --- [restartedMain] org.hibernate.type.BasicTypeRegistry     : Adding type registration java.util.Locale -> org.hibernate.type.LocaleType@3413c8de
2022-11-01 09:14:01.108 DEBUG 59132 --- [restartedMain] org.hibernate.type.BasicTypeRegistry     : Adding type registration currency -> org.hibernate.type.CurrencyType@57cec105
2022-11-01 09:14:01.108 DEBUG 59132 --- [restartedMain] org.hibernate.type.BasicTypeRegistry     : Adding type registration java.util.Currency -> org.hibernate.type.CurrencyType@57cec105
2022-11-01 09:14:01.109 DEBUG 59132 --- [restartedMain] org.hibernate.type.BasicTypeRegistry     : Adding type registration timezone -> org.hibernate.type.TimeZoneType@16d879b9
2022-11-01 09:14:01.109 DEBUG 59132 --- [restartedMain] org.hibernate.type.BasicTypeRegistry     : Adding type registration java.util.TimeZone -> org.hibernate.type.TimeZoneType@16d879b9
2022-11-01 09:14:01.110 DEBUG 59132 --- [restartedMain] org.hibernate.type.BasicTypeRegistry     : Adding type registration class -> org.hibernate.type.ClassType@2979c85
2022-11-01 09:14:01.110 DEBUG 59132 --- [restartedMain] org.hibernate.type.BasicTypeRegistry     : Adding type registration java.lang.Class -> org.hibernate.type.ClassType@2979c85
2022-11-01 09:14:01.111 DEBUG 59132 --- [restartedMain] org.hibernate.type.BasicTypeRegistry     : Adding type registration uuid-binary -> org.hibernate.type.UUIDBinaryType@5d2977b2
2022-11-01 09:14:01.111 DEBUG 59132 --- [restartedMain] org.hibernate.type.BasicTypeRegistry     : Adding type registration java.util.UUID -> org.hibernate.type.UUIDBinaryType@5d2977b2
2022-11-01 09:14:01.112 DEBUG 59132 --- [restartedMain] org.hibernate.type.BasicTypeRegistry     : Adding type registration uuid-char -> org.hibernate.type.UUIDCharType@7ede2776
2022-11-01 09:14:01.113 DEBUG 59132 --- [restartedMain] org.hibernate.type.BasicTypeRegistry     : Adding type registration binary -> org.hibernate.type.BinaryType@18afebd8
2022-11-01 09:14:01.113 DEBUG 59132 --- [restartedMain] org.hibernate.type.BasicTypeRegistry     : Adding type registration byte[] -> org.hibernate.type.BinaryType@18afebd8
2022-11-01 09:14:01.113 DEBUG 59132 --- [restartedMain] org.hibernate.type.BasicTypeRegistry     : Adding type registration [B -> org.hibernate.type.BinaryType@18afebd8
2022-11-01 09:14:01.116 DEBUG 59132 --- [restartedMain] org.hibernate.type.BasicTypeRegistry     : Adding type registration wrapper-binary -> org.hibernate.type.WrapperBinaryType@1f57eced
2022-11-01 09:14:01.116 DEBUG 59132 --- [restartedMain] org.hibernate.type.BasicTypeRegistry     : Adding type registration Byte[] -> org.hibernate.type.WrapperBinaryType@1f57eced
2022-11-01 09:14:01.116 DEBUG 59132 --- [restartedMain] org.hibernate.type.BasicTypeRegistry     : Adding type registration [Ljava.lang.Byte; -> org.hibernate.type.WrapperBinaryType@1f57eced
2022-11-01 09:14:01.117 DEBUG 59132 --- [restartedMain] org.hibernate.type.BasicTypeRegistry     : Adding type registration row_version -> org.hibernate.type.RowVersionType@4f9995ea
2022-11-01 09:14:01.118 DEBUG 59132 --- [restartedMain] org.hibernate.type.BasicTypeRegistry     : Adding type registration image -> org.hibernate.type.ImageType@650a3ebf
2022-11-01 09:14:01.119 DEBUG 59132 --- [restartedMain] org.hibernate.type.BasicTypeRegistry     : Adding type registration characters -> org.hibernate.type.CharArrayType@69807a34
2022-11-01 09:14:01.119 DEBUG 59132 --- [restartedMain] org.hibernate.type.BasicTypeRegistry     : Adding type registration char[] -> org.hibernate.type.CharArrayType@69807a34
2022-11-01 09:14:01.119 DEBUG 59132 --- [restartedMain] org.hibernate.type.BasicTypeRegistry     : Adding type registration [C -> org.hibernate.type.CharArrayType@69807a34
2022-11-01 09:14:01.120 DEBUG 59132 --- [restartedMain] org.hibernate.type.BasicTypeRegistry     : Adding type registration wrapper-characters -> org.hibernate.type.CharacterArrayType@7a4a1fe1
2022-11-01 09:14:01.121 DEBUG 59132 --- [restartedMain] org.hibernate.type.BasicTypeRegistry     : Adding type registration [Ljava.lang.Character; -> org.hibernate.type.CharacterArrayType@7a4a1fe1
2022-11-01 09:14:01.121 DEBUG 59132 --- [restartedMain] org.hibernate.type.BasicTypeRegistry     : Adding type registration Character[] -> org.hibernate.type.CharacterArrayType@7a4a1fe1
2022-11-01 09:14:01.121 DEBUG 59132 --- [restartedMain] org.hibernate.type.BasicTypeRegistry     : Adding type registration text -> org.hibernate.type.TextType@7e4073
2022-11-01 09:14:01.122 DEBUG 59132 --- [restartedMain] org.hibernate.type.BasicTypeRegistry     : Adding type registration ntext -> org.hibernate.type.NTextType@6762bebc
2022-11-01 09:14:01.124 DEBUG 59132 --- [restartedMain] org.hibernate.type.BasicTypeRegistry     : Adding type registration blob -> org.hibernate.type.BlobType@7fa7adf
2022-11-01 09:14:01.124 DEBUG 59132 --- [restartedMain] org.hibernate.type.BasicTypeRegistry     : Adding type registration java.sql.Blob -> org.hibernate.type.BlobType@7fa7adf
2022-11-01 09:14:01.135 DEBUG 59132 --- [restartedMain] org.hibernate.type.BasicTypeRegistry     : Adding type registration materialized_blob -> org.hibernate.type.MaterializedBlobType@3c3a610d
2022-11-01 09:14:01.137 DEBUG 59132 --- [restartedMain] org.hibernate.type.BasicTypeRegistry     : Adding type registration clob -> org.hibernate.type.ClobType@31ec7c5a
2022-11-01 09:14:01.137 DEBUG 59132 --- [restartedMain] org.hibernate.type.BasicTypeRegistry     : Adding type registration java.sql.Clob -> org.hibernate.type.ClobType@31ec7c5a
2022-11-01 09:14:01.138 DEBUG 59132 --- [restartedMain] org.hibernate.type.BasicTypeRegistry     : Adding type registration nclob -> org.hibernate.type.NClobType@7babbd78
2022-11-01 09:14:01.139 DEBUG 59132 --- [restartedMain] org.hibernate.type.BasicTypeRegistry     : Adding type registration java.sql.NClob -> org.hibernate.type.NClobType@7babbd78
2022-11-01 09:14:01.139 DEBUG 59132 --- [restartedMain] org.hibernate.type.BasicTypeRegistry     : Adding type registration materialized_clob -> org.hibernate.type.MaterializedClobType@536d0c27
2022-11-01 09:14:01.140 DEBUG 59132 --- [restartedMain] org.hibernate.type.BasicTypeRegistry     : Adding type registration materialized_nclob -> org.hibernate.type.MaterializedNClobType@29885458
2022-11-01 09:14:01.142 DEBUG 59132 --- [restartedMain] org.hibernate.type.BasicTypeRegistry     : Adding type registration serializable -> org.hibernate.type.SerializableType@283b2189
2022-11-01 09:14:01.169 DEBUG 59132 --- [restartedMain] org.hibernate.type.BasicTypeRegistry     : Adding type registration object -> org.hibernate.type.ObjectType@1349ce21
2022-11-01 09:14:01.169 DEBUG 59132 --- [restartedMain] org.hibernate.type.BasicTypeRegistry     : Adding type registration java.lang.Object -> org.hibernate.type.ObjectType@1349ce21
2022-11-01 09:14:01.170 DEBUG 59132 --- [restartedMain] org.hibernate.type.BasicTypeRegistry     : Adding type registration imm_date -> org.hibernate.type.AdaptedImmutableType@4d4ac885
2022-11-01 09:14:01.170 DEBUG 59132 --- [restartedMain] org.hibernate.type.BasicTypeRegistry     : Adding type registration imm_time -> org.hibernate.type.AdaptedImmutableType@2e5d26f4
2022-11-01 09:14:01.170 DEBUG 59132 --- [restartedMain] org.hibernate.type.BasicTypeRegistry     : Adding type registration imm_timestamp -> org.hibernate.type.AdaptedImmutableType@772b0c38
2022-11-01 09:14:01.170 DEBUG 59132 --- [restartedMain] org.hibernate.type.BasicTypeRegistry     : Adding type registration imm_dbtimestamp -> org.hibernate.type.AdaptedImmutableType@1e4e1236
2022-11-01 09:14:01.170 DEBUG 59132 --- [restartedMain] org.hibernate.type.BasicTypeRegistry     : Adding type registration imm_calendar -> org.hibernate.type.AdaptedImmutableType@55bef9a
2022-11-01 09:14:01.171 DEBUG 59132 --- [restartedMain] org.hibernate.type.BasicTypeRegistry     : Adding type registration imm_calendar_date -> org.hibernate.type.AdaptedImmutableType@42761343
2022-11-01 09:14:01.171 DEBUG 59132 --- [restartedMain] org.hibernate.type.BasicTypeRegistry     : Adding type registration imm_binary -> org.hibernate.type.AdaptedImmutableType@6d138df9
2022-11-01 09:14:01.171 DEBUG 59132 --- [restartedMain] org.hibernate.type.BasicTypeRegistry     : Adding type registration imm_serializable -> org.hibernate.type.AdaptedImmutableType@322edcf
2022-11-01 09:14:01.553  INFO 59132 --- [restartedMain] com.zaxxer.hikari.HikariDataSource       : HikariPool-1 - Starting...
2022-11-01 09:14:02.122  INFO 59132 --- [restartedMain] com.zaxxer.hikari.HikariDataSource       : HikariPool-1 - Start completed.
2022-11-01 09:14:02.172  INFO 59132 --- [restartedMain] org.hibernate.dialect.Dialect            : HHH000400: Using dialect: org.hibernate.dialect.MySQL5InnoDBDialect
2022-11-01 09:14:02.244 DEBUG 59132 --- [restartedMain] o.h.type.spi.TypeConfiguration$Scope     : Scoping TypeConfiguration [org.hibernate.type.spi.TypeConfiguration@1072d1c2] to MetadataBuildingContext [org.hibernate.boot.internal.MetadataBuildingContextRootImpl@43cb92a6]
2022-11-01 09:14:03.142 DEBUG 59132 --- [restartedMain] o.h.type.spi.TypeConfiguration$Scope     : Scoping TypeConfiguration [org.hibernate.type.spi.TypeConfiguration@1072d1c2] to SessionFactoryImpl [org.hibernate.internal.SessionFactoryImpl@7254db18]
2022-11-01 09:14:04.245  INFO 59132 --- [restartedMain] o.h.e.t.j.p.i.JtaPlatformInitiator       : HHH000490: Using JtaPlatform implementation: [org.hibernate.engine.transaction.jta.platform.internal.NoJtaPlatform]
2022-11-01 09:14:04.254 TRACE 59132 --- [restartedMain] o.h.type.spi.TypeConfiguration$Scope     : Handling #sessionFactoryCreated from [org.hibernate.internal.SessionFactoryImpl@7254db18] for TypeConfiguration
2022-11-01 09:14:04.256  INFO 59132 --- [restartedMain] j.LocalContainerEntityManagerFactoryBean : Initialized JPA EntityManagerFactory for persistence unit 'default'
2022-11-01 09:14:05.756  INFO 59132 --- [restartedMain] o.s.b.a.w.s.WelcomePageHandlerMapping    : Adding welcome page: class path resource [static/index.html]
2022-11-01 09:14:06.097  INFO 59132 --- [restartedMain] o.s.s.web.DefaultSecurityFilterChain     : Will secure any request with [org.springframework.security.web.session.DisableEncodeUrlFilter@5bfee381, org.springframework.security.web.context.request.async.WebAsyncManagerIntegrationFilter@2c845e65, org.springframework.security.web.context.SecurityContextPersistenceFilter@56e5e6fd, org.springframework.security.web.header.HeaderWriterFilter@610c094c, org.springframework.web.filter.CorsFilter@1d3f5f3e, org.springframework.security.web.authentication.logout.LogoutFilter@1b9e7ec0, com.employee.management.security.JwtAuthenticationFilter@4f0a2af5, org.springframework.security.web.savedrequest.RequestCacheAwareFilter@51dff701, org.springframework.security.web.servletapi.SecurityContextHolderAwareRequestFilter@1523fa72, org.springframework.security.web.authentication.AnonymousAuthenticationFilter@45b65cca, org.springframework.security.web.session.SessionManagementFilter@510bf585, org.springframework.security.web.access.ExceptionTranslationFilter@24a17a4a, org.springframework.security.web.access.intercept.FilterSecurityInterceptor@7fd72e8e]
2022-11-01 09:14:06.400  INFO 59132 --- [restartedMain] o.s.b.d.a.OptionalLiveReloadServer       : LiveReload server is running on port 35729
2022-11-01 09:14:07.263  INFO 59132 --- [restartedMain] o.s.b.w.embedded.tomcat.TomcatWebServer  : Tomcat started on port(s): 8080 (http) with context path ''
2022-11-01 09:14:07.272  INFO 59132 --- [restartedMain] c.e.m.EmployeeManagementApplication      : Started EmployeeManagementApplication in 17.843 seconds (JVM running for 25.886)
2022-11-01 09:16:20.283  INFO 59132 --- [SpringApplicationShutdownHook] j.LocalContainerEntityManagerFactoryBean : Closing JPA EntityManagerFactory for persistence unit 'default'
2022-11-01 09:16:20.285 TRACE 59132 --- [SpringApplicationShutdownHook] o.h.type.spi.TypeConfiguration$Scope     : Handling #sessionFactoryClosed from [org.hibernate.internal.SessionFactoryImpl@7254db18] for TypeConfiguration
2022-11-01 09:16:20.285 DEBUG 59132 --- [SpringApplicationShutdownHook] o.h.type.spi.TypeConfiguration$Scope     : Un-scoping TypeConfiguration [org.hibernate.type.spi.TypeConfiguration$Scope@2206a2e7] from SessionFactory [org.hibernate.internal.SessionFactoryImpl@7254db18]
2022-11-01 09:16:20.326  INFO 59132 --- [SpringApplicationShutdownHook] com.zaxxer.hikari.HikariDataSource       : HikariPool-1 - Shutdown initiated...
2022-11-01 09:16:21.117  INFO 59132 --- [SpringApplicationShutdownHook] com.zaxxer.hikari.HikariDataSource       : HikariPool-1 - Shutdown completed.
